  [1m[36m (13.3ms)[0m  [1mCREATE TABLE `schema_migrations` (`version` varchar(255) NOT NULL) ENGINE=InnoDB[0m
  [1m[35m (9.7ms)[0m  CREATE UNIQUE INDEX `unique_schema_migrations` ON `schema_migrations` (`version`)
  [1m[36m (0.3ms)[0m  [1mSELECT `schema_migrations`.`version` FROM `schema_migrations` [0m
Migrating to CreatePosts (20160520062516)
  [1m[35m (7.7ms)[0m  CREATE TABLE `posts` (`id` int(11) DEFAULT NULL auto_increment PRIMARY KEY, `name` varchar(255), `title` varchar(255), `content` text, `created_at` datetime NOT NULL, `updated_at` datetime NOT NULL) ENGINE=InnoDB
  [1m[36m (0.4ms)[0m  [1mINSERT INTO `schema_migrations` (`version`) VALUES ('20160520062516')[0m
  [1m[35m (0.1ms)[0m  SELECT `schema_migrations`.`version` FROM `schema_migrations` 


Started GET "/posts" for 127.0.0.1 at 2016-05-20 15:26:06 +0900
Processing by PostsController#index as HTML
  [1m[36mPost Load (0.2ms)[0m  [1mSELECT `posts`.* FROM `posts` [0m
  Rendered posts/index.html.erb within layouts/application (3.2ms)
Warning. Error encountered while saving cache /Users/may/rails_test/blog2/tmp/cache/sass/f652fb2b442b00b20706eb7b26120c9c8313afb9/posts.css.scssc: can't dump anonymous class #<Class:0x007fcc144b6b98>
Compiled posts.css  (4ms)  (pid 3177)
Warning. Error encountered while saving cache /Users/may/rails_test/blog2/tmp/cache/sass/f652fb2b442b00b20706eb7b26120c9c8313afb9/scaffolds.css.scssc: can't dump anonymous class #<Class:0x007fcc144b6b98>
Compiled scaffolds.css  (7ms)  (pid 3177)
Compiled application.css  (41ms)  (pid 3177)
Compiled jquery.js  (1ms)  (pid 3177)
Compiled jquery_ujs.js  (0ms)  (pid 3177)
Compiled posts.js  (390ms)  (pid 3177)
Compiled application.js  (452ms)  (pid 3177)
Completed 200 OK in 533ms (Views: 530.1ms | ActiveRecord: 0.2ms)


Started GET "/assets/application.css?body=1" for 127.0.0.1 at 2016-05-20 15:26:07 +0900
Served asset /application.css - 200 OK (3ms)


Started GET "/assets/posts.css?body=1" for 127.0.0.1 at 2016-05-20 15:26:07 +0900
Served asset /posts.css - 200 OK (1ms)


Started GET "/assets/scaffolds.css?body=1" for 127.0.0.1 at 2016-05-20 15:26:07 +0900
Served asset /scaffolds.css - 200 OK (0ms)


Started GET "/assets/jquery.js?body=1" for 127.0.0.1 at 2016-05-20 15:26:07 +0900
Served asset /jquery.js - 200 OK (2ms)


Started GET "/assets/jquery_ujs.js?body=1" for 127.0.0.1 at 2016-05-20 15:26:07 +0900
Served asset /jquery_ujs.js - 200 OK (2ms)


Started GET "/assets/posts.js?body=1" for 127.0.0.1 at 2016-05-20 15:26:08 +0900
Served asset /posts.js - 200 OK (1ms)


Started GET "/assets/application.js?body=1" for 127.0.0.1 at 2016-05-20 15:26:08 +0900
Served asset /application.js - 200 OK (3ms)


Started GET "/posts/new" for 127.0.0.1 at 2016-05-20 15:26:13 +0900
Processing by PostsController#new as HTML
  Rendered posts/_form.html.erb (8.8ms)
  Rendered posts/new.html.erb within layouts/application (13.2ms)
Completed 200 OK in 21ms (Views: 16.8ms | ActiveRecord: 0.0ms)


Started GET "/assets/posts.css?body=1" for 127.0.0.1 at 2016-05-20 15:26:13 +0900
Served asset /posts.css - 200 OK (0ms)


Started GET "/assets/scaffolds.css?body=1" for 127.0.0.1 at 2016-05-20 15:26:13 +0900
Served asset /scaffolds.css - 200 OK (0ms)


Started GET "/assets/jquery_ujs.js?body=1" for 127.0.0.1 at 2016-05-20 15:26:13 +0900
Served asset /jquery_ujs.js - 200 OK (0ms)


Started GET "/assets/application.css?body=1" for 127.0.0.1 at 2016-05-20 15:26:13 +0900
Served asset /application.css - 200 OK (0ms)


Started GET "/assets/jquery.js?body=1" for 127.0.0.1 at 2016-05-20 15:26:13 +0900
Served asset /jquery.js - 200 OK (0ms)


Started GET "/assets/posts.js?body=1" for 127.0.0.1 at 2016-05-20 15:26:13 +0900
Served asset /posts.js - 200 OK (0ms)


Started GET "/assets/application.js?body=1" for 127.0.0.1 at 2016-05-20 15:26:13 +0900
Served asset /application.js - 200 OK (0ms)


Started POST "/posts" for 127.0.0.1 at 2016-05-20 15:26:26 +0900
Processing by PostsController#create as HTML
  Parameters: {"utf8"=>"✓", "authenticity_token"=>"ivZ4Xx/jJ2ghKOiBxPKjHWp5L//mawr41Cedw7EXzn8=", "post"=>{"name"=>"name1", "title"=>"title111", "content"=>"content111111"}, "commit"=>"Create Post"}
  [1m[35m (0.1ms)[0m  BEGIN
  [1m[36mSQL (0.3ms)[0m  [1mINSERT INTO `posts` (`content`, `created_at`, `name`, `title`, `updated_at`) VALUES ('content111111', '2016-05-20 06:26:26', 'name1', 'title111', '2016-05-20 06:26:26')[0m
  [1m[35m (0.6ms)[0m  COMMIT
Redirected to http://localhost:3000/posts/1
Completed 302 Found in 10ms (ActiveRecord: 1.0ms)


Started GET "/posts/1" for 127.0.0.1 at 2016-05-20 15:26:26 +0900
Processing by PostsController#show as HTML
  Parameters: {"id"=>"1"}
  [1m[36mPost Load (0.3ms)[0m  [1mSELECT `posts`.* FROM `posts` WHERE `posts`.`id` = 1 LIMIT 1[0m
  Rendered posts/show.html.erb within layouts/application (1.1ms)
Completed 200 OK in 7ms (Views: 4.9ms | ActiveRecord: 0.3ms)


Started GET "/assets/scaffolds.css?body=1" for 127.0.0.1 at 2016-05-20 15:26:26 +0900
Served asset /scaffolds.css - 304 Not Modified (0ms)


Started GET "/assets/posts.js?body=1" for 127.0.0.1 at 2016-05-20 15:26:26 +0900
Served asset /posts.js - 304 Not Modified (0ms)


Started GET "/assets/posts.css?body=1" for 127.0.0.1 at 2016-05-20 15:26:26 +0900
Served asset /posts.css - 304 Not Modified (0ms)
  [1m[36m (0.1ms)[0m  [1mSELECT `schema_migrations`.`version` FROM `schema_migrations` [0m
Migrating to CreatePosts (20160520062516)
Migrating to CreateComments (20160520063234)
  [1m[35m (8.6ms)[0m  CREATE TABLE `comments` (`id` int(11) DEFAULT NULL auto_increment PRIMARY KEY, `commenter` varchar(255), `body` text, `post_id` int(11), `created_at` datetime NOT NULL, `updated_at` datetime NOT NULL) ENGINE=InnoDB
  [1m[36m (8.8ms)[0m  [1mCREATE INDEX `index_comments_on_post_id` ON `comments` (`post_id`)[0m
  [1m[35m (0.5ms)[0m  INSERT INTO `schema_migrations` (`version`) VALUES ('20160520063234')
  [1m[36m (0.2ms)[0m  [1mSELECT `schema_migrations`.`version` FROM `schema_migrations` [0m


Started GET "/posts/1" for 127.0.0.1 at 2016-05-20 15:44:34 +0900
Processing by PostsController#show as HTML
  Parameters: {"id"=>"1"}
  [1m[35mPost Load (0.2ms)[0m  SELECT `posts`.* FROM `posts` WHERE `posts`.`id` = 1 LIMIT 1
  [1m[36mComment Load (0.2ms)[0m  [1mSELECT `comments`.* FROM `comments` WHERE `comments`.`post_id` = 1[0m
  Rendered collection (0.0ms)
  Rendered comments/_form.html.erb (29.0ms)
  Rendered posts/show.html.erb within layouts/application (59.1ms)
Warning. Error encountered while saving cache /Users/may/rails_test/blog2/tmp/cache/sass/f652fb2b442b00b20706eb7b26120c9c8313afb9/comments.css.scssc: can't dump anonymous class #<Class:0x007fcc144b6b98>
Compiled comments.css  (1ms)  (pid 3177)
Compiled application.css  (7ms)  (pid 3177)
Compiled comments.js  (128ms)  (pid 3177)
Compiled application.js  (135ms)  (pid 3177)
Completed 200 OK in 259ms (Views: 247.7ms | ActiveRecord: 5.7ms)


Started GET "/assets/application.css?body=1" for 127.0.0.1 at 2016-05-20 15:44:34 +0900
Served asset /application.css - 304 Not Modified (3ms)


Started GET "/assets/comments.css?body=1" for 127.0.0.1 at 2016-05-20 15:44:34 +0900
Served asset /comments.css - 200 OK (1ms)


Started GET "/assets/posts.css?body=1" for 127.0.0.1 at 2016-05-20 15:44:34 +0900
Served asset /posts.css - 304 Not Modified (0ms)


Started GET "/assets/scaffolds.css?body=1" for 127.0.0.1 at 2016-05-20 15:44:34 +0900
Served asset /scaffolds.css - 304 Not Modified (0ms)


Started GET "/assets/jquery_ujs.js?body=1" for 127.0.0.1 at 2016-05-20 15:44:34 +0900
Served asset /jquery_ujs.js - 304 Not Modified (0ms)


Started GET "/assets/jquery.js?body=1" for 127.0.0.1 at 2016-05-20 15:44:34 +0900
Served asset /jquery.js - 304 Not Modified (0ms)


Started GET "/assets/posts.js?body=1" for 127.0.0.1 at 2016-05-20 15:44:34 +0900
Served asset /posts.js - 304 Not Modified (0ms)


Started GET "/assets/comments.js?body=1" for 127.0.0.1 at 2016-05-20 15:44:34 +0900
Served asset /comments.js - 200 OK (0ms)


Started GET "/assets/application.js?body=1" for 127.0.0.1 at 2016-05-20 15:44:34 +0900
Served asset /application.js - 304 Not Modified (3ms)


Started GET "/posts" for 127.0.0.1 at 2016-05-20 15:44:39 +0900
Processing by PostsController#index as HTML
  [1m[35mPost Load (0.2ms)[0m  SELECT `posts`.* FROM `posts` 
  Rendered posts/index.html.erb within layouts/application (1.1ms)
Completed 200 OK in 7ms (Views: 5.8ms | ActiveRecord: 0.2ms)


Started GET "/assets/scaffolds.css?body=1" for 127.0.0.1 at 2016-05-20 15:44:39 +0900
Served asset /scaffolds.css - 304 Not Modified (0ms)


Started GET "/assets/jquery.js?body=1" for 127.0.0.1 at 2016-05-20 15:44:39 +0900
Served asset /jquery.js - 304 Not Modified (0ms)


Started GET "/assets/comments.css?body=1" for 127.0.0.1 at 2016-05-20 15:44:39 +0900
Served asset /comments.css - 304 Not Modified (0ms)


Started GET "/assets/jquery_ujs.js?body=1" for 127.0.0.1 at 2016-05-20 15:44:39 +0900
Served asset /jquery_ujs.js - 304 Not Modified (0ms)


Started GET "/assets/application.css?body=1" for 127.0.0.1 at 2016-05-20 15:44:39 +0900
Served asset /application.css - 304 Not Modified (0ms)


Started GET "/assets/posts.css?body=1" for 127.0.0.1 at 2016-05-20 15:44:39 +0900
Served asset /posts.css - 304 Not Modified (0ms)


Started GET "/assets/comments.js?body=1" for 127.0.0.1 at 2016-05-20 15:44:39 +0900
Served asset /comments.js - 304 Not Modified (0ms)


Started GET "/assets/posts.js?body=1" for 127.0.0.1 at 2016-05-20 15:44:39 +0900
Served asset /posts.js - 304 Not Modified (0ms)


Started GET "/assets/application.js?body=1" for 127.0.0.1 at 2016-05-20 15:44:39 +0900
Served asset /application.js - 304 Not Modified (0ms)


Started GET "/post" for 127.0.0.1 at 2016-05-20 15:44:40 +0900

ActionController::RoutingError (No route matches [GET] "/post"):
  actionpack (3.2.0) lib/action_dispatch/middleware/debug_exceptions.rb:21:in `call'
  actionpack (3.2.0) lib/action_dispatch/middleware/show_exceptions.rb:56:in `call'
  railties (3.2.0) lib/rails/rack/logger.rb:26:in `call_app'
  railties (3.2.0) lib/rails/rack/logger.rb:16:in `call'
  actionpack (3.2.0) lib/action_dispatch/middleware/request_id.rb:22:in `call'
  rack (1.4.7) lib/rack/methodoverride.rb:21:in `call'
  rack (1.4.7) lib/rack/runtime.rb:17:in `call'
  activesupport (3.2.0) lib/active_support/cache/strategy/local_cache.rb:72:in `call'
  rack (1.4.7) lib/rack/lock.rb:15:in `call'
  actionpack (3.2.0) lib/action_dispatch/middleware/static.rb:53:in `call'
  railties (3.2.0) lib/rails/engine.rb:479:in `call'
  railties (3.2.0) lib/rails/application.rb:220:in `call'
  rack (1.4.7) lib/rack/content_length.rb:14:in `call'
  railties (3.2.0) lib/rails/rack/log_tailer.rb:14:in `call'
  rack (1.4.7) lib/rack/handler/webrick.rb:59:in `service'
  /Users/may/.rbenv/versions/1.9.3-p429/lib/ruby/1.9.1/webrick/httpserver.rb:138:in `service'
  /Users/may/.rbenv/versions/1.9.3-p429/lib/ruby/1.9.1/webrick/httpserver.rb:94:in `run'
  /Users/may/.rbenv/versions/1.9.3-p429/lib/ruby/1.9.1/webrick/server.rb:191:in `block in start_thread'


  Rendered /Users/may/.rbenv/versions/1.9.3-p429/lib/ruby/gems/1.9.1/gems/actionpack-3.2.0/lib/action_dispatch/middleware/templates/rescues/routing_error.erb within rescues/layout (0.7ms)


Started GET "/posts/new" for 127.0.0.1 at 2016-05-20 15:44:45 +0900
Processing by PostsController#new as HTML
  Rendered posts/_form.html.erb (2.1ms)
  Rendered posts/new.html.erb within layouts/application (3.1ms)
Completed 200 OK in 7ms (Views: 6.3ms | ActiveRecord: 0.0ms)


Started GET "/assets/comments.css?body=1" for 127.0.0.1 at 2016-05-20 15:44:45 +0900
Served asset /comments.css - 304 Not Modified (0ms)


Started GET "/assets/posts.css?body=1" for 127.0.0.1 at 2016-05-20 15:44:45 +0900
Served asset /posts.css - 304 Not Modified (0ms)


Started GET "/assets/application.css?body=1" for 127.0.0.1 at 2016-05-20 15:44:45 +0900
Served asset /application.css - 304 Not Modified (0ms)


Started GET "/assets/jquery_ujs.js?body=1" for 127.0.0.1 at 2016-05-20 15:44:45 +0900
Served asset /jquery_ujs.js - 304 Not Modified (0ms)


Started GET "/assets/scaffolds.css?body=1" for 127.0.0.1 at 2016-05-20 15:44:45 +0900
Served asset /scaffolds.css - 304 Not Modified (0ms)


Started GET "/assets/jquery.js?body=1" for 127.0.0.1 at 2016-05-20 15:44:45 +0900
Served asset /jquery.js - 304 Not Modified (0ms)


Started GET "/assets/comments.js?body=1" for 127.0.0.1 at 2016-05-20 15:44:45 +0900
Served asset /comments.js - 304 Not Modified (0ms)


Started GET "/assets/posts.js?body=1" for 127.0.0.1 at 2016-05-20 15:44:45 +0900
Served asset /posts.js - 304 Not Modified (0ms)


Started GET "/assets/application.js?body=1" for 127.0.0.1 at 2016-05-20 15:44:45 +0900
Served asset /application.js - 304 Not Modified (0ms)


Started POST "/posts" for 127.0.0.1 at 2016-05-20 15:44:54 +0900
Processing by PostsController#create as HTML
  Parameters: {"utf8"=>"✓", "authenticity_token"=>"ivZ4Xx/jJ2ghKOiBxPKjHWp5L//mawr41Cedw7EXzn8=", "post"=>{"name"=>"name2", "title"=>"title2222", "content"=>"content2222222222"}, "commit"=>"Create Post"}
  [1m[36m (0.1ms)[0m  [1mBEGIN[0m
  [1m[35mSQL (0.2ms)[0m  INSERT INTO `posts` (`content`, `created_at`, `name`, `title`, `updated_at`) VALUES ('content2222222222', '2016-05-20 06:44:54', 'name2', 'title2222', '2016-05-20 06:44:54')
  [1m[36m (0.5ms)[0m  [1mCOMMIT[0m
Redirected to http://localhost:3000/posts/2
Completed 302 Found in 4ms (ActiveRecord: 0.8ms)


Started GET "/posts/2" for 127.0.0.1 at 2016-05-20 15:44:54 +0900
Processing by PostsController#show as HTML
  Parameters: {"id"=>"2"}
  [1m[35mPost Load (0.2ms)[0m  SELECT `posts`.* FROM `posts` WHERE `posts`.`id` = 2 LIMIT 1
  [1m[36mComment Load (0.2ms)[0m  [1mSELECT `comments`.* FROM `comments` WHERE `comments`.`post_id` = 2[0m
  Rendered collection (0.0ms)
  Rendered comments/_form.html.erb (2.0ms)
  Rendered posts/show.html.erb within layouts/application (3.7ms)
Completed 200 OK in 29ms (Views: 27.7ms | ActiveRecord: 0.4ms)


Started GET "/assets/application.css?body=1" for 127.0.0.1 at 2016-05-20 15:44:54 +0900
Served asset /application.css - 304 Not Modified (0ms)


Started GET "/assets/comments.css?body=1" for 127.0.0.1 at 2016-05-20 15:44:54 +0900
Served asset /comments.css - 304 Not Modified (0ms)


Started GET "/assets/posts.css?body=1" for 127.0.0.1 at 2016-05-20 15:44:54 +0900
Served asset /posts.css - 304 Not Modified (0ms)


Started GET "/assets/scaffolds.css?body=1" for 127.0.0.1 at 2016-05-20 15:44:54 +0900
Served asset /scaffolds.css - 304 Not Modified (0ms)


Started GET "/assets/jquery_ujs.js?body=1" for 127.0.0.1 at 2016-05-20 15:44:54 +0900
Served asset /jquery_ujs.js - 304 Not Modified (0ms)


Started GET "/assets/jquery.js?body=1" for 127.0.0.1 at 2016-05-20 15:44:54 +0900
Served asset /jquery.js - 304 Not Modified (0ms)


Started GET "/assets/comments.js?body=1" for 127.0.0.1 at 2016-05-20 15:44:54 +0900
Served asset /comments.js - 304 Not Modified (0ms)


Started GET "/assets/posts.js?body=1" for 127.0.0.1 at 2016-05-20 15:44:54 +0900
Served asset /posts.js - 304 Not Modified (0ms)


Started GET "/assets/application.js?body=1" for 127.0.0.1 at 2016-05-20 15:44:54 +0900
Served asset /application.js - 304 Not Modified (0ms)


Started GET "/posts" for 127.0.0.1 at 2016-05-20 15:44:56 +0900
Processing by PostsController#index as HTML
  [1m[35mPost Load (0.2ms)[0m  SELECT `posts`.* FROM `posts` 
  Rendered posts/index.html.erb within layouts/application (1.2ms)
Completed 200 OK in 5ms (Views: 4.1ms | ActiveRecord: 0.2ms)


Started GET "/assets/application.css?body=1" for 127.0.0.1 at 2016-05-20 15:44:56 +0900
Served asset /application.css - 304 Not Modified (0ms)


Started GET "/assets/posts.css?body=1" for 127.0.0.1 at 2016-05-20 15:44:56 +0900
Served asset /posts.css - 304 Not Modified (0ms)


Started GET "/assets/comments.css?body=1" for 127.0.0.1 at 2016-05-20 15:44:56 +0900
Served asset /comments.css - 304 Not Modified (0ms)


Started GET "/assets/scaffolds.css?body=1" for 127.0.0.1 at 2016-05-20 15:44:56 +0900
Served asset /scaffolds.css - 304 Not Modified (0ms)


Started GET "/assets/jquery_ujs.js?body=1" for 127.0.0.1 at 2016-05-20 15:44:56 +0900
Served asset /jquery_ujs.js - 304 Not Modified (0ms)


Started GET "/assets/jquery.js?body=1" for 127.0.0.1 at 2016-05-20 15:44:56 +0900
Served asset /jquery.js - 304 Not Modified (0ms)


Started GET "/assets/comments.js?body=1" for 127.0.0.1 at 2016-05-20 15:44:56 +0900
Served asset /comments.js - 304 Not Modified (0ms)


Started GET "/assets/posts.js?body=1" for 127.0.0.1 at 2016-05-20 15:44:56 +0900
Served asset /posts.js - 304 Not Modified (0ms)


Started GET "/assets/application.js?body=1" for 127.0.0.1 at 2016-05-20 15:44:56 +0900
Served asset /application.js - 304 Not Modified (0ms)


Started DELETE "/posts/2" for 127.0.0.1 at 2016-05-20 15:45:01 +0900
Processing by PostsController#destroy as HTML
  Parameters: {"authenticity_token"=>"ivZ4Xx/jJ2ghKOiBxPKjHWp5L//mawr41Cedw7EXzn8=", "id"=>"2"}
  [1m[36mPost Load (0.2ms)[0m  [1mSELECT `posts`.* FROM `posts` WHERE `posts`.`id` = 2 LIMIT 1[0m
  [1m[35m (0.1ms)[0m  BEGIN
  [1m[36mSQL (1.6ms)[0m  [1mDELETE FROM `posts` WHERE `posts`.`id` = 2[0m
  [1m[35m (0.3ms)[0m  COMMIT
Redirected to http://localhost:3000/posts
Completed 302 Found in 4ms (ActiveRecord: 2.1ms)


Started GET "/posts" for 127.0.0.1 at 2016-05-20 15:45:01 +0900
Processing by PostsController#index as HTML
  [1m[36mPost Load (0.2ms)[0m  [1mSELECT `posts`.* FROM `posts` [0m
  Rendered posts/index.html.erb within layouts/application (0.9ms)
Completed 200 OK in 6ms (Views: 5.6ms | ActiveRecord: 0.2ms)


Started GET "/assets/application.css?body=1" for 127.0.0.1 at 2016-05-20 15:45:01 +0900
Served asset /application.css - 304 Not Modified (0ms)


Started GET "/assets/posts.css?body=1" for 127.0.0.1 at 2016-05-20 15:45:01 +0900
Served asset /posts.css - 304 Not Modified (0ms)


Started GET "/assets/scaffolds.css?body=1" for 127.0.0.1 at 2016-05-20 15:45:01 +0900
Served asset /scaffolds.css - 304 Not Modified (0ms)


Started GET "/assets/comments.css?body=1" for 127.0.0.1 at 2016-05-20 15:45:01 +0900
Served asset /comments.css - 304 Not Modified (0ms)


Started GET "/assets/jquery.js?body=1" for 127.0.0.1 at 2016-05-20 15:45:01 +0900
Served asset /jquery.js - 304 Not Modified (0ms)


Started GET "/assets/jquery_ujs.js?body=1" for 127.0.0.1 at 2016-05-20 15:45:01 +0900
Served asset /jquery_ujs.js - 304 Not Modified (0ms)


Started GET "/assets/comments.js?body=1" for 127.0.0.1 at 2016-05-20 15:45:01 +0900
Served asset /comments.js - 304 Not Modified (0ms)


Started GET "/assets/posts.js?body=1" for 127.0.0.1 at 2016-05-20 15:45:01 +0900
Served asset /posts.js - 304 Not Modified (0ms)


Started GET "/assets/application.js?body=1" for 127.0.0.1 at 2016-05-20 15:45:01 +0900
Served asset /application.js - 304 Not Modified (0ms)


Started GET "/posts" for 127.0.0.1 at 2016-05-20 15:48:57 +0900
Processing by PostsController#index as HTML
  [1m[35mPost Load (0.2ms)[0m  SELECT `posts`.* FROM `posts` 
  Rendered posts/index.html.erb within layouts/application (2.4ms)
Completed 200 OK in 14ms (Views: 7.9ms | ActiveRecord: 1.8ms)


Started GET "/assets/application.css?body=1" for 127.0.0.1 at 2016-05-20 15:48:57 +0900
Served asset /application.css - 304 Not Modified (0ms)


Started GET "/assets/comments.css?body=1" for 127.0.0.1 at 2016-05-20 15:48:57 +0900
Served asset /comments.css - 304 Not Modified (0ms)


Started GET "/assets/posts.css?body=1" for 127.0.0.1 at 2016-05-20 15:48:57 +0900
Served asset /posts.css - 304 Not Modified (0ms)


Started GET "/assets/jquery.js?body=1" for 127.0.0.1 at 2016-05-20 15:48:57 +0900
Served asset /jquery.js - 304 Not Modified (0ms)


Started GET "/assets/scaffolds.css?body=1" for 127.0.0.1 at 2016-05-20 15:48:57 +0900
Served asset /scaffolds.css - 304 Not Modified (0ms)


Started GET "/assets/jquery_ujs.js?body=1" for 127.0.0.1 at 2016-05-20 15:48:57 +0900
Served asset /jquery_ujs.js - 304 Not Modified (0ms)


Started GET "/assets/comments.js?body=1" for 127.0.0.1 at 2016-05-20 15:48:57 +0900
Served asset /comments.js - 304 Not Modified (0ms)


Started GET "/assets/posts.js?body=1" for 127.0.0.1 at 2016-05-20 15:48:57 +0900
Served asset /posts.js - 304 Not Modified (0ms)


Started GET "/assets/application.js?body=1" for 127.0.0.1 at 2016-05-20 15:48:57 +0900
Served asset /application.js - 304 Not Modified (0ms)


Started GET "/posts/1" for 127.0.0.1 at 2016-05-20 15:48:59 +0900
Processing by PostsController#show as HTML
  Parameters: {"id"=>"1"}
  [1m[36mPost Load (0.2ms)[0m  [1mSELECT `posts`.* FROM `posts` WHERE `posts`.`id` = 1 LIMIT 1[0m
  [1m[35mComment Load (0.2ms)[0m  SELECT `comments`.* FROM `comments` WHERE `comments`.`post_id` = 1
  Rendered collection (0.0ms)
  Rendered comments/_form.html.erb (6.5ms)
  Rendered posts/show.html.erb within layouts/application (13.9ms)
Completed 200 OK in 19ms (Views: 15.9ms | ActiveRecord: 2.2ms)


Started GET "/assets/application.css?body=1" for 127.0.0.1 at 2016-05-20 15:48:59 +0900
Served asset /application.css - 304 Not Modified (0ms)


Started GET "/assets/posts.css?body=1" for 127.0.0.1 at 2016-05-20 15:48:59 +0900
Served asset /posts.css - 304 Not Modified (0ms)


Started GET "/assets/scaffolds.css?body=1" for 127.0.0.1 at 2016-05-20 15:48:59 +0900
Served asset /scaffolds.css - 304 Not Modified (0ms)


Started GET "/assets/jquery.js?body=1" for 127.0.0.1 at 2016-05-20 15:48:59 +0900
Served asset /jquery.js - 304 Not Modified (0ms)


Started GET "/assets/comments.css?body=1" for 127.0.0.1 at 2016-05-20 15:48:59 +0900
Served asset /comments.css - 304 Not Modified (0ms)


Started GET "/assets/jquery_ujs.js?body=1" for 127.0.0.1 at 2016-05-20 15:48:59 +0900
Served asset /jquery_ujs.js - 304 Not Modified (0ms)


Started GET "/assets/comments.js?body=1" for 127.0.0.1 at 2016-05-20 15:48:59 +0900
Served asset /comments.js - 304 Not Modified (0ms)


Started GET "/assets/posts.js?body=1" for 127.0.0.1 at 2016-05-20 15:48:59 +0900
Served asset /posts.js - 304 Not Modified (0ms)


Started GET "/assets/application.js?body=1" for 127.0.0.1 at 2016-05-20 15:48:59 +0900
Served asset /application.js - 304 Not Modified (0ms)


Started POST "/posts/1/comments" for 127.0.0.1 at 2016-05-20 15:49:06 +0900
Processing by CommentsController#create as HTML
  Parameters: {"utf8"=>"✓", "authenticity_token"=>"ivZ4Xx/jJ2ghKOiBxPKjHWp5L//mawr41Cedw7EXzn8=", "comment"=>{"commenter"=>"c1", "body"=>"cccc1"}, "commit"=>"Create Comment", "post_id"=>"1"}
  [1m[36mPost Load (0.2ms)[0m  [1mSELECT `posts`.* FROM `posts` WHERE `posts`.`id` = 1 LIMIT 1[0m
  [1m[35m (0.1ms)[0m  BEGIN
  [1m[36mSQL (0.2ms)[0m  [1mINSERT INTO `comments` (`body`, `commenter`, `created_at`, `post_id`, `updated_at`) VALUES ('cccc1', 'c1', '2016-05-20 06:49:06', 1, '2016-05-20 06:49:06')[0m
  [1m[35m (0.3ms)[0m  COMMIT
Redirected to http://localhost:3000/posts/1
Completed 302 Found in 4ms (ActiveRecord: 0.8ms)


Started GET "/posts/1" for 127.0.0.1 at 2016-05-20 15:49:06 +0900
Processing by PostsController#show as HTML
  Parameters: {"id"=>"1"}
  [1m[36mPost Load (0.2ms)[0m  [1mSELECT `posts`.* FROM `posts` WHERE `posts`.`id` = 1 LIMIT 1[0m
  [1m[35mComment Load (0.3ms)[0m  SELECT `comments`.* FROM `comments` WHERE `comments`.`post_id` = 1
  [1m[36mPost Load (0.3ms)[0m  [1mSELECT `posts`.* FROM `posts` WHERE `posts`.`id` = 1 LIMIT 1[0m
  Rendered comments/_comment.html.erb (6.8ms)
  Rendered comments/_form.html.erb (1.8ms)
  Rendered posts/show.html.erb within layouts/application (12.0ms)
Completed 200 OK in 16ms (Views: 14.4ms | ActiveRecord: 0.7ms)


Started GET "/assets/application.css?body=1" for 127.0.0.1 at 2016-05-20 15:49:06 +0900
Served asset /application.css - 304 Not Modified (0ms)


Started GET "/assets/comments.css?body=1" for 127.0.0.1 at 2016-05-20 15:49:06 +0900
Served asset /comments.css - 304 Not Modified (0ms)


Started GET "/assets/posts.css?body=1" for 127.0.0.1 at 2016-05-20 15:49:06 +0900
Served asset /posts.css - 304 Not Modified (0ms)


Started GET "/assets/scaffolds.css?body=1" for 127.0.0.1 at 2016-05-20 15:49:06 +0900
Served asset /scaffolds.css - 304 Not Modified (0ms)


Started GET "/assets/comments.js?body=1" for 127.0.0.1 at 2016-05-20 15:49:06 +0900
Served asset /comments.js - 304 Not Modified (0ms)


Started GET "/assets/jquery.js?body=1" for 127.0.0.1 at 2016-05-20 15:49:06 +0900
Served asset /jquery.js - 304 Not Modified (0ms)


Started GET "/assets/jquery_ujs.js?body=1" for 127.0.0.1 at 2016-05-20 15:49:06 +0900
Served asset /jquery_ujs.js - 304 Not Modified (0ms)


Started GET "/assets/posts.js?body=1" for 127.0.0.1 at 2016-05-20 15:49:06 +0900
Served asset /posts.js - 304 Not Modified (0ms)


Started GET "/assets/application.js?body=1" for 127.0.0.1 at 2016-05-20 15:49:06 +0900
Served asset /application.js - 304 Not Modified (0ms)


Started DELETE "/posts/1/comments/1" for 127.0.0.1 at 2016-05-20 15:49:09 +0900
Processing by CommentsController#destroy as HTML
  Parameters: {"authenticity_token"=>"ivZ4Xx/jJ2ghKOiBxPKjHWp5L//mawr41Cedw7EXzn8=", "post_id"=>"1", "id"=>"1"}
  [1m[35mPost Load (0.2ms)[0m  SELECT `posts`.* FROM `posts` WHERE `posts`.`id` = 1 LIMIT 1
Completed 500 Internal Server Error in 1ms

NoMethodError (undefined method `comment' for #<Post:0x007fcc13f6ced0>):
  app/controllers/comments_controller.rb:10:in `destroy'


  Rendered /Users/may/.rbenv/versions/1.9.3-p429/lib/ruby/gems/1.9.1/gems/actionpack-3.2.0/lib/action_dispatch/middleware/templates/rescues/_trace.erb (2.4ms)
  Rendered /Users/may/.rbenv/versions/1.9.3-p429/lib/ruby/gems/1.9.1/gems/actionpack-3.2.0/lib/action_dispatch/middleware/templates/rescues/_request_and_response.erb (1.0ms)
  Rendered /Users/may/.rbenv/versions/1.9.3-p429/lib/ruby/gems/1.9.1/gems/actionpack-3.2.0/lib/action_dispatch/middleware/templates/rescues/diagnostics.erb within rescues/layout (6.3ms)


Started GET "/posts/1" for 127.0.0.1 at 2016-05-20 15:49:53 +0900
Processing by PostsController#show as HTML
  Parameters: {"id"=>"1"}
  [1m[36mPost Load (0.2ms)[0m  [1mSELECT `posts`.* FROM `posts` WHERE `posts`.`id` = 1 LIMIT 1[0m
  [1m[35mComment Load (0.2ms)[0m  SELECT `comments`.* FROM `comments` WHERE `comments`.`post_id` = 1
  [1m[36mPost Load (0.2ms)[0m  [1mSELECT `posts`.* FROM `posts` WHERE `posts`.`id` = 1 LIMIT 1[0m
  Rendered comments/_comment.html.erb (2.3ms)
  Rendered comments/_form.html.erb (2.0ms)
  Rendered posts/show.html.erb within layouts/application (13.7ms)
Completed 200 OK in 25ms (Views: 15.3ms | ActiveRecord: 4.9ms)


Started GET "/assets/application.css?body=1" for 127.0.0.1 at 2016-05-20 15:49:53 +0900
Served asset /application.css - 304 Not Modified (0ms)


Started GET "/assets/comments.css?body=1" for 127.0.0.1 at 2016-05-20 15:49:53 +0900
Served asset /comments.css - 304 Not Modified (0ms)


Started GET "/assets/posts.css?body=1" for 127.0.0.1 at 2016-05-20 15:49:53 +0900
Served asset /posts.css - 304 Not Modified (0ms)


Started GET "/assets/jquery.js?body=1" for 127.0.0.1 at 2016-05-20 15:49:53 +0900
Served asset /jquery.js - 304 Not Modified (0ms)


Started GET "/assets/scaffolds.css?body=1" for 127.0.0.1 at 2016-05-20 15:49:53 +0900
Served asset /scaffolds.css - 304 Not Modified (0ms)


Started GET "/assets/jquery_ujs.js?body=1" for 127.0.0.1 at 2016-05-20 15:49:53 +0900
Served asset /jquery_ujs.js - 304 Not Modified (0ms)


Started GET "/assets/comments.js?body=1" for 127.0.0.1 at 2016-05-20 15:49:53 +0900
Served asset /comments.js - 304 Not Modified (0ms)


Started GET "/assets/posts.js?body=1" for 127.0.0.1 at 2016-05-20 15:49:53 +0900
Served asset /posts.js - 304 Not Modified (0ms)


Started GET "/assets/application.js?body=1" for 127.0.0.1 at 2016-05-20 15:49:53 +0900
Served asset /application.js - 304 Not Modified (0ms)


Started DELETE "/posts/1/comments/1" for 127.0.0.1 at 2016-05-20 15:49:56 +0900
Processing by CommentsController#destroy as HTML
  Parameters: {"authenticity_token"=>"ivZ4Xx/jJ2ghKOiBxPKjHWp5L//mawr41Cedw7EXzn8=", "post_id"=>"1", "id"=>"1"}
  [1m[35mPost Load (0.2ms)[0m  SELECT `posts`.* FROM `posts` WHERE `posts`.`id` = 1 LIMIT 1
  [1m[36mComment Load (0.2ms)[0m  [1mSELECT `comments`.* FROM `comments` WHERE `comments`.`post_id` = 1 AND `comments`.`id` = 1 LIMIT 1[0m
  [1m[35m (0.1ms)[0m  BEGIN
  [1m[36mSQL (0.2ms)[0m  [1mDELETE FROM `comments` WHERE `comments`.`id` = 1[0m
  [1m[35m (0.9ms)[0m  COMMIT
Redirected to http://localhost:3000/posts/1
Completed 302 Found in 5ms (ActiveRecord: 1.6ms)


Started GET "/posts/1" for 127.0.0.1 at 2016-05-20 15:49:56 +0900
Processing by PostsController#show as HTML
  Parameters: {"id"=>"1"}
  [1m[36mPost Load (0.2ms)[0m  [1mSELECT `posts`.* FROM `posts` WHERE `posts`.`id` = 1 LIMIT 1[0m
  [1m[35mComment Load (0.1ms)[0m  SELECT `comments`.* FROM `comments` WHERE `comments`.`post_id` = 1
  Rendered collection (0.0ms)
  Rendered comments/_form.html.erb (1.6ms)
  Rendered posts/show.html.erb within layouts/application (3.0ms)
Completed 200 OK in 7ms (Views: 5.5ms | ActiveRecord: 0.4ms)


Started GET "/assets/application.css?body=1" for 127.0.0.1 at 2016-05-20 15:49:56 +0900
Served asset /application.css - 304 Not Modified (0ms)


Started GET "/assets/scaffolds.css?body=1" for 127.0.0.1 at 2016-05-20 15:49:56 +0900
Served asset /scaffolds.css - 304 Not Modified (0ms)


Started GET "/assets/jquery.js?body=1" for 127.0.0.1 at 2016-05-20 15:49:56 +0900
Served asset /jquery.js - 304 Not Modified (0ms)


Started GET "/assets/comments.css?body=1" for 127.0.0.1 at 2016-05-20 15:49:56 +0900
Served asset /comments.css - 304 Not Modified (0ms)


Started GET "/assets/jquery_ujs.js?body=1" for 127.0.0.1 at 2016-05-20 15:49:56 +0900
Served asset /jquery_ujs.js - 304 Not Modified (0ms)


Started GET "/assets/posts.css?body=1" for 127.0.0.1 at 2016-05-20 15:49:56 +0900
Served asset /posts.css - 304 Not Modified (0ms)


Started GET "/assets/comments.js?body=1" for 127.0.0.1 at 2016-05-20 15:49:56 +0900
Served asset /comments.js - 304 Not Modified (0ms)


Started GET "/assets/posts.js?body=1" for 127.0.0.1 at 2016-05-20 15:49:56 +0900
Served asset /posts.js - 304 Not Modified (0ms)


Started GET "/assets/application.js?body=1" for 127.0.0.1 at 2016-05-20 15:49:56 +0900
Served asset /application.js - 304 Not Modified (0ms)
  [1m[36m (0.1ms)[0m  [1mSELECT `schema_migrations`.`version` FROM `schema_migrations` [0m
Migrating to CreatePosts (20160520062516)
Migrating to CreateComments (20160520063234)
Migrating to CreateTags (20160520065901)


Started GET "/posts/1" for 127.0.0.1 at 2016-05-20 16:22:01 +0900
Processing by PostsController#show as HTML
  Parameters: {"id"=>"1"}
  [1m[36mPost Load (0.2ms)[0m  [1mSELECT `posts`.* FROM `posts` WHERE `posts`.`id` = 1 LIMIT 1[0m
Mysql2::Error: Table 'blog2_development.tags' doesn't exist: SHOW FULL FIELDS FROM `tags`
  Rendered posts/show.html.erb within layouts/application (8.6ms)
Completed 500 Internal Server Error in 18ms

ActionView::Template::Error (Mysql2::Error: Table 'blog2_development.tags' doesn't exist: SHOW FULL FIELDS FROM `tags`):
    17: 
    18: <p>
    19:   <b>Tags:</b>
    20:   <%= @post.tags.map { |t| t.name }.join(", ") %>
    21: </p>
    22: 
    23: <h2>Comments</h2>
  app/views/posts/show.html.erb:20:in `_app_views_posts_show_html_erb__1787917309698328717_70257244074820'
  app/controllers/posts_controller.rb:18:in `show'


  Rendered /Users/may/.rbenv/versions/1.9.3-p429/lib/ruby/gems/1.9.1/gems/actionpack-3.2.0/lib/action_dispatch/middleware/templates/rescues/_trace.erb (3.4ms)
  Rendered /Users/may/.rbenv/versions/1.9.3-p429/lib/ruby/gems/1.9.1/gems/actionpack-3.2.0/lib/action_dispatch/middleware/templates/rescues/_request_and_response.erb (0.7ms)
  Rendered /Users/may/.rbenv/versions/1.9.3-p429/lib/ruby/gems/1.9.1/gems/actionpack-3.2.0/lib/action_dispatch/middleware/templates/rescues/template_error.erb within rescues/layout (6.4ms)
  [1m[36m (0.1ms)[0m  [1mSELECT `schema_migrations`.`version` FROM `schema_migrations` [0m
Migrating to CreatePosts (20160520062516)
Migrating to CreateComments (20160520063234)
Migrating to CreateTags (20160520065901)
  [1m[36m (0.2ms)[0m  [1mSELECT `schema_migrations`.`version` FROM `schema_migrations` [0m
Migrating to CreatePosts (20160520062516)
Migrating to CreateComments (20160520063234)
Migrating to CreateTags (20160520065901)
  [1m[35m (15.8ms)[0m  CREATE TABLE `tags` (`id` int(11) DEFAULT NULL auto_increment PRIMARY KEY, `name` varchar(255), `post_id` int(11), `created_at` datetime NOT NULL, `updated_at` datetime NOT NULL) ENGINE=InnoDB
  [1m[36m (0.4ms)[0m  [1mINSERT INTO `schema_migrations` (`version`) VALUES ('20160520065901')[0m
  [1m[35m (0.2ms)[0m  SELECT `schema_migrations`.`version` FROM `schema_migrations` 


Started GET "/posts/1" for 127.0.0.1 at 2016-05-20 16:23:14 +0900
Processing by PostsController#show as HTML
  Parameters: {"id"=>"1"}
  [1m[35mPost Load (0.2ms)[0m  SELECT `posts`.* FROM `posts` WHERE `posts`.`id` = 1 LIMIT 1
  [1m[36mTag Load (0.2ms)[0m  [1mSELECT `tags`.* FROM `tags` WHERE `tags`.`post_id` = 1[0m
  [1m[35mComment Load (0.2ms)[0m  SELECT `comments`.* FROM `comments` WHERE `comments`.`post_id` = 1
  Rendered collection (0.0ms)
  Rendered comments/_form.html.erb (6.5ms)
  Rendered posts/show.html.erb within layouts/application (22.1ms)
Completed 200 OK in 56ms (Views: 21.6ms | ActiveRecord: 7.2ms)


Started GET "/assets/jquery_ujs.js?body=1" for 127.0.0.1 at 2016-05-20 16:23:14 +0900
Served asset /jquery_ujs.js - 304 Not Modified (0ms)


Started GET "/assets/jquery.js?body=1" for 127.0.0.1 at 2016-05-20 16:23:14 +0900
Served asset /jquery.js - 304 Not Modified (0ms)


Started GET "/assets/posts.css?body=1" for 127.0.0.1 at 2016-05-20 16:23:14 +0900
Served asset /posts.css - 304 Not Modified (0ms)


Started GET "/assets/application.css?body=1" for 127.0.0.1 at 2016-05-20 16:23:14 +0900
Served asset /application.css - 304 Not Modified (0ms)


Started GET "/assets/scaffolds.css?body=1" for 127.0.0.1 at 2016-05-20 16:23:14 +0900
Served asset /scaffolds.css - 304 Not Modified (0ms)


Started GET "/assets/comments.css?body=1" for 127.0.0.1 at 2016-05-20 16:23:14 +0900
Served asset /comments.css - 304 Not Modified (0ms)


Started GET "/assets/posts.js?body=1" for 127.0.0.1 at 2016-05-20 16:23:14 +0900
Served asset /posts.js - 304 Not Modified (0ms)


Started GET "/assets/comments.js?body=1" for 127.0.0.1 at 2016-05-20 16:23:14 +0900
Served asset /comments.js - 304 Not Modified (0ms)


Started GET "/assets/application.js?body=1" for 127.0.0.1 at 2016-05-20 16:23:14 +0900
Served asset /application.js - 304 Not Modified (0ms)


Started GET "/posts" for 127.0.0.1 at 2016-05-20 16:23:23 +0900
Processing by PostsController#index as HTML
  [1m[36mPost Load (0.2ms)[0m  [1mSELECT `posts`.* FROM `posts` [0m
  Rendered posts/index.html.erb within layouts/application (1.4ms)
Completed 200 OK in 8ms (Views: 6.5ms | ActiveRecord: 0.2ms)


Started GET "/assets/application.css?body=1" for 127.0.0.1 at 2016-05-20 16:23:23 +0900
Served asset /application.css - 304 Not Modified (0ms)


Started GET "/assets/comments.css?body=1" for 127.0.0.1 at 2016-05-20 16:23:23 +0900
Served asset /comments.css - 304 Not Modified (0ms)


Started GET "/assets/scaffolds.css?body=1" for 127.0.0.1 at 2016-05-20 16:23:23 +0900
Served asset /scaffolds.css - 304 Not Modified (0ms)


Started GET "/assets/jquery_ujs.js?body=1" for 127.0.0.1 at 2016-05-20 16:23:23 +0900
Served asset /jquery_ujs.js - 304 Not Modified (0ms)


Started GET "/assets/jquery.js?body=1" for 127.0.0.1 at 2016-05-20 16:23:23 +0900
Served asset /jquery.js - 304 Not Modified (0ms)


Started GET "/assets/posts.css?body=1" for 127.0.0.1 at 2016-05-20 16:23:23 +0900
Served asset /posts.css - 304 Not Modified (0ms)


Started GET "/assets/comments.js?body=1" for 127.0.0.1 at 2016-05-20 16:23:23 +0900
Served asset /comments.js - 304 Not Modified (0ms)


Started GET "/assets/posts.js?body=1" for 127.0.0.1 at 2016-05-20 16:23:23 +0900
Served asset /posts.js - 304 Not Modified (0ms)


Started GET "/assets/application.js?body=1" for 127.0.0.1 at 2016-05-20 16:23:23 +0900
Served asset /application.js - 304 Not Modified (0ms)


Started GET "/posts/new" for 127.0.0.1 at 2016-05-20 16:23:26 +0900
Processing by PostsController#new as HTML
  Rendered tags/_form.html.erb (0.9ms)
  Rendered posts/_form.html.erb (8.4ms)
  Rendered posts/new.html.erb within layouts/application (9.4ms)
Completed 200 OK in 13ms (Views: 12.7ms | ActiveRecord: 0.0ms)


Started GET "/assets/scaffolds.css?body=1" for 127.0.0.1 at 2016-05-20 16:23:26 +0900
Served asset /scaffolds.css - 304 Not Modified (0ms)


Started GET "/assets/comments.css?body=1" for 127.0.0.1 at 2016-05-20 16:23:26 +0900
Served asset /comments.css - 304 Not Modified (0ms)


Started GET "/assets/posts.css?body=1" for 127.0.0.1 at 2016-05-20 16:23:26 +0900
Served asset /posts.css - 304 Not Modified (0ms)


Started GET "/assets/jquery_ujs.js?body=1" for 127.0.0.1 at 2016-05-20 16:23:26 +0900
Served asset /jquery_ujs.js - 304 Not Modified (0ms)


Started GET "/assets/application.css?body=1" for 127.0.0.1 at 2016-05-20 16:23:26 +0900
Served asset /application.css - 304 Not Modified (0ms)


Started GET "/assets/jquery.js?body=1" for 127.0.0.1 at 2016-05-20 16:23:26 +0900
Served asset /jquery.js - 304 Not Modified (0ms)


Started GET "/assets/comments.js?body=1" for 127.0.0.1 at 2016-05-20 16:23:26 +0900
Served asset /comments.js - 304 Not Modified (0ms)


Started GET "/assets/posts.js?body=1" for 127.0.0.1 at 2016-05-20 16:23:26 +0900
Served asset /posts.js - 304 Not Modified (0ms)


Started GET "/assets/application.js?body=1" for 127.0.0.1 at 2016-05-20 16:23:26 +0900
Served asset /application.js - 304 Not Modified (0ms)


Started POST "/posts" for 127.0.0.1 at 2016-05-20 16:23:42 +0900
Processing by PostsController#create as HTML
  Parameters: {"utf8"=>"✓", "authenticity_token"=>"ivZ4Xx/jJ2ghKOiBxPKjHWp5L//mawr41Cedw7EXzn8=", "post"=>{"name"=>"name2", "title"=>"title22222", "content"=>"content22222222", "tag"=>{"name"=>"tag1, tag2"}}, "commit"=>"Create Post"}
Completed 500 Internal Server Error in 0ms

ActiveModel::MassAssignmentSecurity::Error (Can't mass-assign protected attributes: tag):
  app/controllers/posts_controller.rb:43:in `new'
  app/controllers/posts_controller.rb:43:in `create'


  Rendered /Users/may/.rbenv/versions/1.9.3-p429/lib/ruby/gems/1.9.1/gems/actionpack-3.2.0/lib/action_dispatch/middleware/templates/rescues/_trace.erb (2.9ms)
  Rendered /Users/may/.rbenv/versions/1.9.3-p429/lib/ruby/gems/1.9.1/gems/actionpack-3.2.0/lib/action_dispatch/middleware/templates/rescues/_request_and_response.erb (1.0ms)
  Rendered /Users/may/.rbenv/versions/1.9.3-p429/lib/ruby/gems/1.9.1/gems/actionpack-3.2.0/lib/action_dispatch/middleware/templates/rescues/diagnostics.erb within rescues/layout (28.9ms)


Started POST "/posts" for 127.0.0.1 at 2016-05-20 16:23:48 +0900
Processing by PostsController#create as HTML
  Parameters: {"utf8"=>"✓", "authenticity_token"=>"ivZ4Xx/jJ2ghKOiBxPKjHWp5L//mawr41Cedw7EXzn8=", "post"=>{"name"=>"name2", "title"=>"title22222", "content"=>"content22222222", "tag"=>{"name"=>"tag1"}}, "commit"=>"Create Post"}
Completed 500 Internal Server Error in 0ms

ActiveModel::MassAssignmentSecurity::Error (Can't mass-assign protected attributes: tag):
  app/controllers/posts_controller.rb:43:in `new'
  app/controllers/posts_controller.rb:43:in `create'


  Rendered /Users/may/.rbenv/versions/1.9.3-p429/lib/ruby/gems/1.9.1/gems/actionpack-3.2.0/lib/action_dispatch/middleware/templates/rescues/_trace.erb (2.3ms)
  Rendered /Users/may/.rbenv/versions/1.9.3-p429/lib/ruby/gems/1.9.1/gems/actionpack-3.2.0/lib/action_dispatch/middleware/templates/rescues/_request_and_response.erb (1.2ms)
  Rendered /Users/may/.rbenv/versions/1.9.3-p429/lib/ruby/gems/1.9.1/gems/actionpack-3.2.0/lib/action_dispatch/middleware/templates/rescues/diagnostics.erb within rescues/layout (5.2ms)


Started POST "/posts" for 127.0.0.1 at 2016-05-20 16:25:57 +0900
Processing by PostsController#create as HTML
  Parameters: {"utf8"=>"✓", "authenticity_token"=>"ivZ4Xx/jJ2ghKOiBxPKjHWp5L//mawr41Cedw7EXzn8=", "post"=>{"name"=>"name2", "title"=>"title22222", "content"=>"content22222222", "tag"=>{"name"=>"tag1"}}, "commit"=>"Create Post"}
Completed 500 Internal Server Error in 0ms

ActiveModel::MassAssignmentSecurity::Error (Can't mass-assign protected attributes: tag):
  app/controllers/posts_controller.rb:43:in `new'
  app/controllers/posts_controller.rb:43:in `create'


  Rendered /Users/may/.rbenv/versions/1.9.3-p429/lib/ruby/gems/1.9.1/gems/actionpack-3.2.0/lib/action_dispatch/middleware/templates/rescues/_trace.erb (3.1ms)
  Rendered /Users/may/.rbenv/versions/1.9.3-p429/lib/ruby/gems/1.9.1/gems/actionpack-3.2.0/lib/action_dispatch/middleware/templates/rescues/_request_and_response.erb (1.1ms)
  Rendered /Users/may/.rbenv/versions/1.9.3-p429/lib/ruby/gems/1.9.1/gems/actionpack-3.2.0/lib/action_dispatch/middleware/templates/rescues/diagnostics.erb within rescues/layout (7.4ms)


Started POST "/posts" for 127.0.0.1 at 2016-05-20 16:26:26 +0900
Processing by PostsController#create as HTML
  Parameters: {"utf8"=>"✓", "authenticity_token"=>"ivZ4Xx/jJ2ghKOiBxPKjHWp5L//mawr41Cedw7EXzn8=", "post"=>{"name"=>"name2", "title"=>"title22222", "content"=>"content22222222", "tag"=>{"name"=>"tag1"}}, "commit"=>"Create Post"}
Completed 500 Internal Server Error in 0ms

ActiveModel::MassAssignmentSecurity::Error (Can't mass-assign protected attributes: tag):
  app/controllers/posts_controller.rb:43:in `new'
  app/controllers/posts_controller.rb:43:in `create'


  Rendered /Users/may/.rbenv/versions/1.9.3-p429/lib/ruby/gems/1.9.1/gems/actionpack-3.2.0/lib/action_dispatch/middleware/templates/rescues/_trace.erb (2.5ms)
  Rendered /Users/may/.rbenv/versions/1.9.3-p429/lib/ruby/gems/1.9.1/gems/actionpack-3.2.0/lib/action_dispatch/middleware/templates/rescues/_request_and_response.erb (0.8ms)
  Rendered /Users/may/.rbenv/versions/1.9.3-p429/lib/ruby/gems/1.9.1/gems/actionpack-3.2.0/lib/action_dispatch/middleware/templates/rescues/diagnostics.erb within rescues/layout (6.0ms)
  [1m[36m (0.2ms)[0m  [1mSELECT `schema_migrations`.`version` FROM `schema_migrations` [0m
Migrating to CreatePosts (20160520062516)
Migrating to CreateComments (20160520063234)
Migrating to CreateTags (20160520065901)
  [1m[35m (0.2ms)[0m  SELECT `schema_migrations`.`version` FROM `schema_migrations` 


Started POST "/posts" for 127.0.0.1 at 2016-05-20 16:27:25 +0900
Processing by PostsController#create as HTML
  Parameters: {"utf8"=>"✓", "authenticity_token"=>"ivZ4Xx/jJ2ghKOiBxPKjHWp5L//mawr41Cedw7EXzn8=", "post"=>{"name"=>"name2", "title"=>"title22222", "content"=>"content22222222", "tag"=>{"name"=>"tag1"}}, "commit"=>"Create Post"}
Completed 500 Internal Server Error in 3ms

ActiveModel::MassAssignmentSecurity::Error (Can't mass-assign protected attributes: tag):
  app/controllers/posts_controller.rb:43:in `new'
  app/controllers/posts_controller.rb:43:in `create'


  Rendered /Users/may/.rbenv/versions/1.9.3-p429/lib/ruby/gems/1.9.1/gems/actionpack-3.2.0/lib/action_dispatch/middleware/templates/rescues/_trace.erb (2.4ms)
  Rendered /Users/may/.rbenv/versions/1.9.3-p429/lib/ruby/gems/1.9.1/gems/actionpack-3.2.0/lib/action_dispatch/middleware/templates/rescues/_request_and_response.erb (0.9ms)
  Rendered /Users/may/.rbenv/versions/1.9.3-p429/lib/ruby/gems/1.9.1/gems/actionpack-3.2.0/lib/action_dispatch/middleware/templates/rescues/diagnostics.erb within rescues/layout (6.4ms)


Started GET "/posts" for 127.0.0.1 at 2016-05-20 16:34:37 +0900
Processing by PostsController#index as HTML
  [1m[36mPost Load (0.1ms)[0m  [1mSELECT `posts`.* FROM `posts` [0m
  Rendered posts/index.html.erb within layouts/application (4.1ms)
Completed 200 OK in 74ms (Views: 34.4ms | ActiveRecord: 2.2ms)


Started GET "/assets/posts.css?body=1" for 127.0.0.1 at 2016-05-20 16:34:37 +0900
Served asset /posts.css - 304 Not Modified (1ms)


Started GET "/assets/comments.css?body=1" for 127.0.0.1 at 2016-05-20 16:34:37 +0900
Served asset /comments.css - 304 Not Modified (1ms)


Started GET "/assets/scaffolds.css?body=1" for 127.0.0.1 at 2016-05-20 16:34:37 +0900
Served asset /scaffolds.css - 304 Not Modified (0ms)


Started GET "/assets/application.css?body=1" for 127.0.0.1 at 2016-05-20 16:34:37 +0900
Served asset /application.css - 304 Not Modified (3ms)


Started GET "/assets/jquery_ujs.js?body=1" for 127.0.0.1 at 2016-05-20 16:34:37 +0900
Served asset /jquery_ujs.js - 304 Not Modified (1ms)


Started GET "/assets/jquery.js?body=1" for 127.0.0.1 at 2016-05-20 16:34:37 +0900
Served asset /jquery.js - 304 Not Modified (5ms)


Started GET "/assets/comments.js?body=1" for 127.0.0.1 at 2016-05-20 16:34:37 +0900
Served asset /comments.js - 304 Not Modified (1ms)


Started GET "/assets/posts.js?body=1" for 127.0.0.1 at 2016-05-20 16:34:37 +0900
Served asset /posts.js - 304 Not Modified (1ms)


Started GET "/assets/application.js?body=1" for 127.0.0.1 at 2016-05-20 16:34:37 +0900
Served asset /application.js - 304 Not Modified (6ms)


Started GET "/posts/new" for 127.0.0.1 at 2016-05-20 16:34:41 +0900
Processing by PostsController#new as HTML
  Rendered tags/_form.html.erb (1.0ms)
  Rendered posts/_form.html.erb (57.6ms)
  Rendered posts/new.html.erb within layouts/application (78.3ms)
Completed 200 OK in 83ms (Views: 80.8ms | ActiveRecord: 1.5ms)


Started GET "/assets/application.css?body=1" for 127.0.0.1 at 2016-05-20 16:34:41 +0900
Served asset /application.css - 304 Not Modified (0ms)


Started GET "/assets/jquery.js?body=1" for 127.0.0.1 at 2016-05-20 16:34:41 +0900
Served asset /jquery.js - 304 Not Modified (0ms)


Started GET "/assets/jquery_ujs.js?body=1" for 127.0.0.1 at 2016-05-20 16:34:41 +0900
Served asset /jquery_ujs.js - 304 Not Modified (0ms)


Started GET "/assets/comments.css?body=1" for 127.0.0.1 at 2016-05-20 16:34:41 +0900
Served asset /comments.css - 304 Not Modified (0ms)


Started GET "/assets/posts.css?body=1" for 127.0.0.1 at 2016-05-20 16:34:41 +0900
Served asset /posts.css - 304 Not Modified (0ms)


Started GET "/assets/scaffolds.css?body=1" for 127.0.0.1 at 2016-05-20 16:34:41 +0900
Served asset /scaffolds.css - 304 Not Modified (0ms)


Started GET "/assets/comments.js?body=1" for 127.0.0.1 at 2016-05-20 16:34:41 +0900
Served asset /comments.js - 304 Not Modified (0ms)


Started GET "/assets/posts.js?body=1" for 127.0.0.1 at 2016-05-20 16:34:41 +0900
Served asset /posts.js - 304 Not Modified (0ms)


Started GET "/assets/application.js?body=1" for 127.0.0.1 at 2016-05-20 16:34:41 +0900
Served asset /application.js - 304 Not Modified (0ms)


Started POST "/posts" for 127.0.0.1 at 2016-05-20 16:34:53 +0900
Processing by PostsController#create as HTML
  Parameters: {"utf8"=>"✓", "authenticity_token"=>"ivZ4Xx/jJ2ghKOiBxPKjHWp5L//mawr41Cedw7EXzn8=", "post"=>{"name"=>"aaaaaa", "title"=>"title2222", "content"=>"content22222", "tags_attributes"=>{"0"=>{"name"=>"tag1"}}}, "commit"=>"Create Post"}
  [1m[35m (0.1ms)[0m  BEGIN
  [1m[36mSQL (0.3ms)[0m  [1mINSERT INTO `posts` (`content`, `created_at`, `name`, `title`, `updated_at`) VALUES ('content22222', '2016-05-20 07:34:53', 'aaaaaa', 'title2222', '2016-05-20 07:34:53')[0m
  [1m[35mSQL (0.1ms)[0m  INSERT INTO `tags` (`created_at`, `name`, `post_id`, `updated_at`) VALUES ('2016-05-20 07:34:53', 'tag1', 3, '2016-05-20 07:34:53')
  [1m[36m (0.3ms)[0m  [1mCOMMIT[0m
Redirected to http://localhost:3000/posts/3
Completed 302 Found in 10ms (ActiveRecord: 0.9ms)


Started GET "/posts/3" for 127.0.0.1 at 2016-05-20 16:34:53 +0900
Processing by PostsController#show as HTML
  Parameters: {"id"=>"3"}
  [1m[35mPost Load (0.2ms)[0m  SELECT `posts`.* FROM `posts` WHERE `posts`.`id` = 3 LIMIT 1
  [1m[36mTag Load (0.2ms)[0m  [1mSELECT `tags`.* FROM `tags` WHERE `tags`.`post_id` = 3[0m
  [1m[35mComment Load (0.2ms)[0m  SELECT `comments`.* FROM `comments` WHERE `comments`.`post_id` = 3
  Rendered collection (0.0ms)
  Rendered comments/_form.html.erb (33.5ms)
  Rendered posts/show.html.erb within layouts/application (42.9ms)
Completed 200 OK in 48ms (Views: 44.3ms | ActiveRecord: 2.3ms)


Started GET "/assets/application.css?body=1" for 127.0.0.1 at 2016-05-20 16:34:53 +0900
Served asset /application.css - 304 Not Modified (0ms)


Started GET "/assets/scaffolds.css?body=1" for 127.0.0.1 at 2016-05-20 16:34:53 +0900
Served asset /scaffolds.css - 304 Not Modified (0ms)


Started GET "/assets/comments.css?body=1" for 127.0.0.1 at 2016-05-20 16:34:53 +0900
Served asset /comments.css - 304 Not Modified (0ms)


Started GET "/assets/jquery.js?body=1" for 127.0.0.1 at 2016-05-20 16:34:53 +0900
Served asset /jquery.js - 304 Not Modified (0ms)


Started GET "/assets/jquery_ujs.js?body=1" for 127.0.0.1 at 2016-05-20 16:34:53 +0900
Served asset /jquery_ujs.js - 304 Not Modified (0ms)


Started GET "/assets/posts.css?body=1" for 127.0.0.1 at 2016-05-20 16:34:53 +0900
Served asset /posts.css - 304 Not Modified (0ms)


Started GET "/assets/comments.js?body=1" for 127.0.0.1 at 2016-05-20 16:34:53 +0900
Served asset /comments.js - 304 Not Modified (0ms)


Started GET "/assets/posts.js?body=1" for 127.0.0.1 at 2016-05-20 16:34:53 +0900
Served asset /posts.js - 304 Not Modified (0ms)


Started GET "/assets/application.js?body=1" for 127.0.0.1 at 2016-05-20 16:34:53 +0900
Served asset /application.js - 304 Not Modified (0ms)


Started GET "/posts/3/edit" for 127.0.0.1 at 2016-05-20 16:35:11 +0900
Processing by PostsController#edit as HTML
  Parameters: {"id"=>"3"}
  [1m[36mPost Load (0.3ms)[0m  [1mSELECT `posts`.* FROM `posts` WHERE `posts`.`id` = 3 LIMIT 1[0m
  [1m[35mTag Load (0.3ms)[0m  SELECT `tags`.* FROM `tags` WHERE `tags`.`post_id` = 3
  Rendered tags/_form.html.erb (2.0ms)
  Rendered posts/_form.html.erb (5.7ms)
  Rendered posts/edit.html.erb within layouts/application (6.9ms)
Completed 200 OK in 12ms (Views: 10.8ms | ActiveRecord: 0.6ms)


Started GET "/assets/application.css?body=1" for 127.0.0.1 at 2016-05-20 16:35:11 +0900
Served asset /application.css - 304 Not Modified (0ms)


Started GET "/assets/comments.css?body=1" for 127.0.0.1 at 2016-05-20 16:35:11 +0900
Served asset /comments.css - 304 Not Modified (0ms)


Started GET "/assets/posts.css?body=1" for 127.0.0.1 at 2016-05-20 16:35:11 +0900
Served asset /posts.css - 304 Not Modified (0ms)


Started GET "/assets/scaffolds.css?body=1" for 127.0.0.1 at 2016-05-20 16:35:11 +0900
Served asset /scaffolds.css - 304 Not Modified (0ms)


Started GET "/assets/jquery_ujs.js?body=1" for 127.0.0.1 at 2016-05-20 16:35:11 +0900
Served asset /jquery_ujs.js - 304 Not Modified (0ms)


Started GET "/assets/jquery.js?body=1" for 127.0.0.1 at 2016-05-20 16:35:11 +0900
Served asset /jquery.js - 304 Not Modified (0ms)


Started GET "/assets/comments.js?body=1" for 127.0.0.1 at 2016-05-20 16:35:11 +0900
Served asset /comments.js - 304 Not Modified (0ms)


Started GET "/assets/posts.js?body=1" for 127.0.0.1 at 2016-05-20 16:35:11 +0900
Served asset /posts.js - 304 Not Modified (0ms)


Started GET "/assets/application.js?body=1" for 127.0.0.1 at 2016-05-20 16:35:11 +0900
Served asset /application.js - 304 Not Modified (0ms)


Started PUT "/posts/3" for 127.0.0.1 at 2016-05-20 16:35:18 +0900
Processing by PostsController#update as HTML
  Parameters: {"utf8"=>"✓", "authenticity_token"=>"ivZ4Xx/jJ2ghKOiBxPKjHWp5L//mawr41Cedw7EXzn8=", "post"=>{"name"=>"aaaaaa", "title"=>"title2222", "content"=>"content22222", "tags_attributes"=>{"0"=>{"name"=>"tag1", "_destroy"=>"1", "id"=>"1"}, "1"=>{"name"=>""}}}, "commit"=>"Update Post", "id"=>"3"}
  [1m[36mPost Load (0.2ms)[0m  [1mSELECT `posts`.* FROM `posts` WHERE `posts`.`id` = 3 LIMIT 1[0m
  [1m[35m (0.1ms)[0m  BEGIN
  [1m[36mTag Load (0.4ms)[0m  [1mSELECT `tags`.* FROM `tags` WHERE `tags`.`post_id` = 3 AND `tags`.`id` IN (1)[0m
  [1m[35mSQL (0.3ms)[0m  DELETE FROM `tags` WHERE `tags`.`id` = 1
  [1m[36m (0.6ms)[0m  [1mCOMMIT[0m
Redirected to http://localhost:3000/posts/3
Completed 302 Found in 9ms (ActiveRecord: 1.5ms)


Started GET "/posts/3" for 127.0.0.1 at 2016-05-20 16:35:18 +0900
Processing by PostsController#show as HTML
  Parameters: {"id"=>"3"}
  [1m[35mPost Load (0.2ms)[0m  SELECT `posts`.* FROM `posts` WHERE `posts`.`id` = 3 LIMIT 1
  [1m[36mTag Load (0.2ms)[0m  [1mSELECT `tags`.* FROM `tags` WHERE `tags`.`post_id` = 3[0m
  [1m[35mComment Load (0.1ms)[0m  SELECT `comments`.* FROM `comments` WHERE `comments`.`post_id` = 3
  Rendered collection (0.0ms)
  Rendered comments/_form.html.erb (1.9ms)
  Rendered posts/show.html.erb within layouts/application (3.9ms)
Completed 200 OK in 8ms (Views: 6.7ms | ActiveRecord: 0.6ms)


Started GET "/assets/application.css?body=1" for 127.0.0.1 at 2016-05-20 16:35:18 +0900
Served asset /application.css - 304 Not Modified (0ms)


Started GET "/assets/scaffolds.css?body=1" for 127.0.0.1 at 2016-05-20 16:35:18 +0900
Served asset /scaffolds.css - 304 Not Modified (0ms)


Started GET "/assets/posts.css?body=1" for 127.0.0.1 at 2016-05-20 16:35:18 +0900
Served asset /posts.css - 304 Not Modified (0ms)


Started GET "/assets/comments.css?body=1" for 127.0.0.1 at 2016-05-20 16:35:18 +0900
Served asset /comments.css - 304 Not Modified (0ms)


Started GET "/assets/jquery.js?body=1" for 127.0.0.1 at 2016-05-20 16:35:18 +0900
Served asset /jquery.js - 304 Not Modified (0ms)


Started GET "/assets/jquery_ujs.js?body=1" for 127.0.0.1 at 2016-05-20 16:35:18 +0900
Served asset /jquery_ujs.js - 304 Not Modified (0ms)


Started GET "/assets/comments.js?body=1" for 127.0.0.1 at 2016-05-20 16:35:18 +0900
Served asset /comments.js - 304 Not Modified (0ms)


Started GET "/assets/posts.js?body=1" for 127.0.0.1 at 2016-05-20 16:35:18 +0900
Served asset /posts.js - 304 Not Modified (0ms)


Started GET "/assets/application.js?body=1" for 127.0.0.1 at 2016-05-20 16:35:18 +0900
Served asset /application.js - 304 Not Modified (0ms)


Started GET "/posts/3/edit" for 127.0.0.1 at 2016-05-20 16:35:22 +0900
Processing by PostsController#edit as HTML
  Parameters: {"id"=>"3"}
  [1m[36mPost Load (0.2ms)[0m  [1mSELECT `posts`.* FROM `posts` WHERE `posts`.`id` = 3 LIMIT 1[0m
  [1m[35mTag Load (0.2ms)[0m  SELECT `tags`.* FROM `tags` WHERE `tags`.`post_id` = 3
  Rendered tags/_form.html.erb (0.7ms)
  Rendered posts/_form.html.erb (3.3ms)
  Rendered posts/edit.html.erb within layouts/application (3.9ms)
Completed 200 OK in 33ms (Views: 31.6ms | ActiveRecord: 0.4ms)


Started GET "/assets/application.css?body=1" for 127.0.0.1 at 2016-05-20 16:35:22 +0900
Served asset /application.css - 304 Not Modified (0ms)


Started GET "/assets/comments.css?body=1" for 127.0.0.1 at 2016-05-20 16:35:22 +0900
Served asset /comments.css - 304 Not Modified (0ms)


Started GET "/assets/jquery.js?body=1" for 127.0.0.1 at 2016-05-20 16:35:22 +0900
Served asset /jquery.js - 304 Not Modified (0ms)


Started GET "/assets/scaffolds.css?body=1" for 127.0.0.1 at 2016-05-20 16:35:22 +0900
Served asset /scaffolds.css - 304 Not Modified (0ms)


Started GET "/assets/posts.css?body=1" for 127.0.0.1 at 2016-05-20 16:35:22 +0900
Served asset /posts.css - 304 Not Modified (0ms)


Started GET "/assets/jquery_ujs.js?body=1" for 127.0.0.1 at 2016-05-20 16:35:22 +0900
Served asset /jquery_ujs.js - 304 Not Modified (0ms)


Started GET "/assets/comments.js?body=1" for 127.0.0.1 at 2016-05-20 16:35:22 +0900
Served asset /comments.js - 304 Not Modified (0ms)


Started GET "/assets/posts.js?body=1" for 127.0.0.1 at 2016-05-20 16:35:22 +0900
Served asset /posts.js - 304 Not Modified (0ms)


Started GET "/assets/application.js?body=1" for 127.0.0.1 at 2016-05-20 16:35:22 +0900
Served asset /application.js - 304 Not Modified (0ms)


Started PUT "/posts/3" for 127.0.0.1 at 2016-05-20 16:35:25 +0900
Processing by PostsController#update as HTML
  Parameters: {"utf8"=>"✓", "authenticity_token"=>"ivZ4Xx/jJ2ghKOiBxPKjHWp5L//mawr41Cedw7EXzn8=", "post"=>{"name"=>"aaaaaa", "title"=>"title2222", "content"=>"content22222", "tags_attributes"=>{"0"=>{"name"=>"tag2"}}}, "commit"=>"Update Post", "id"=>"3"}
  [1m[36mPost Load (0.3ms)[0m  [1mSELECT `posts`.* FROM `posts` WHERE `posts`.`id` = 3 LIMIT 1[0m
  [1m[35m (0.1ms)[0m  BEGIN
  [1m[36mSQL (0.2ms)[0m  [1mINSERT INTO `tags` (`created_at`, `name`, `post_id`, `updated_at`) VALUES ('2016-05-20 07:35:25', 'tag2', 3, '2016-05-20 07:35:25')[0m
  [1m[35m (0.3ms)[0m  COMMIT
Redirected to http://localhost:3000/posts/3
Completed 302 Found in 4ms (ActiveRecord: 0.9ms)


Started GET "/posts/3" for 127.0.0.1 at 2016-05-20 16:35:25 +0900
Processing by PostsController#show as HTML
  Parameters: {"id"=>"3"}
  [1m[36mPost Load (0.2ms)[0m  [1mSELECT `posts`.* FROM `posts` WHERE `posts`.`id` = 3 LIMIT 1[0m
  [1m[35mTag Load (0.2ms)[0m  SELECT `tags`.* FROM `tags` WHERE `tags`.`post_id` = 3
  [1m[36mComment Load (0.2ms)[0m  [1mSELECT `comments`.* FROM `comments` WHERE `comments`.`post_id` = 3[0m
  Rendered collection (0.0ms)
  Rendered comments/_form.html.erb (1.6ms)
  Rendered posts/show.html.erb within layouts/application (3.7ms)
Completed 200 OK in 8ms (Views: 6.9ms | ActiveRecord: 0.5ms)


Started GET "/assets/application.css?body=1" for 127.0.0.1 at 2016-05-20 16:35:25 +0900
Served asset /application.css - 304 Not Modified (0ms)


Started GET "/assets/posts.css?body=1" for 127.0.0.1 at 2016-05-20 16:35:25 +0900
Served asset /posts.css - 304 Not Modified (0ms)


Started GET "/assets/comments.css?body=1" for 127.0.0.1 at 2016-05-20 16:35:25 +0900
Served asset /comments.css - 304 Not Modified (0ms)


Started GET "/assets/scaffolds.css?body=1" for 127.0.0.1 at 2016-05-20 16:35:25 +0900
Served asset /scaffolds.css - 304 Not Modified (0ms)


Started GET "/assets/jquery_ujs.js?body=1" for 127.0.0.1 at 2016-05-20 16:35:25 +0900
Served asset /jquery_ujs.js - 304 Not Modified (0ms)


Started GET "/assets/jquery.js?body=1" for 127.0.0.1 at 2016-05-20 16:35:25 +0900
Served asset /jquery.js - 304 Not Modified (0ms)


Started GET "/assets/comments.js?body=1" for 127.0.0.1 at 2016-05-20 16:35:25 +0900
Served asset /comments.js - 304 Not Modified (0ms)


Started GET "/assets/posts.js?body=1" for 127.0.0.1 at 2016-05-20 16:35:25 +0900
Served asset /posts.js - 304 Not Modified (0ms)


Started GET "/assets/application.js?body=1" for 127.0.0.1 at 2016-05-20 16:35:25 +0900
Served asset /application.js - 304 Not Modified (0ms)


Started GET "/posts/3" for 127.0.0.1 at 2016-05-20 16:50:09 +0900
Processing by PostsController#show as HTML
  Parameters: {"id"=>"3"}
  [1m[35mPost Load (0.2ms)[0m  SELECT `posts`.* FROM `posts` WHERE `posts`.`id` = 3 LIMIT 1
  [1m[36mTag Load (0.2ms)[0m  [1mSELECT `tags`.* FROM `tags` WHERE `tags`.`post_id` = 3[0m
  [1m[35mComment Load (0.2ms)[0m  SELECT `comments`.* FROM `comments` WHERE `comments`.`post_id` = 3
  Rendered collection (0.0ms)
  Rendered comments/_form.html.erb (28.8ms)
  Rendered posts/show.html.erb within layouts/application (46.9ms)
Completed 200 OK in 58ms (Views: 46.7ms | ActiveRecord: 5.9ms)


Started GET "/assets/comments.css?body=1" for 127.0.0.1 at 2016-05-20 16:50:09 +0900
Served asset /comments.css - 304 Not Modified (0ms)


Started GET "/assets/jquery.js?body=1" for 127.0.0.1 at 2016-05-20 16:50:09 +0900
Served asset /jquery.js - 304 Not Modified (0ms)


Started GET "/assets/posts.css?body=1" for 127.0.0.1 at 2016-05-20 16:50:09 +0900
Served asset /posts.css - 304 Not Modified (0ms)


Started GET "/assets/jquery_ujs.js?body=1" for 127.0.0.1 at 2016-05-20 16:50:09 +0900
Served asset /jquery_ujs.js - 304 Not Modified (0ms)


Started GET "/assets/application.css?body=1" for 127.0.0.1 at 2016-05-20 16:50:09 +0900
Served asset /application.css - 304 Not Modified (0ms)


Started GET "/assets/scaffolds.css?body=1" for 127.0.0.1 at 2016-05-20 16:50:09 +0900
Served asset /scaffolds.css - 304 Not Modified (0ms)


Started GET "/assets/comments.js?body=1" for 127.0.0.1 at 2016-05-20 16:50:09 +0900
Served asset /comments.js - 304 Not Modified (0ms)


Started GET "/assets/posts.js?body=1" for 127.0.0.1 at 2016-05-20 16:50:09 +0900
Served asset /posts.js - 304 Not Modified (0ms)


Started GET "/assets/application.js?body=1" for 127.0.0.1 at 2016-05-20 16:50:09 +0900
Served asset /application.js - 304 Not Modified (0ms)


Started GET "/posts/3" for 127.0.0.1 at 2016-05-20 18:00:18 +0900
Processing by PostsController#show as HTML
  Parameters: {"id"=>"3"}
  [1m[36mPost Load (0.5ms)[0m  [1mSELECT `posts`.* FROM `posts` WHERE `posts`.`id` = 3 LIMIT 1[0m
  [1m[35mTag Load (0.2ms)[0m  SELECT `tags`.* FROM `tags` WHERE `tags`.`post_id` = 3
  [1m[36mComment Load (0.3ms)[0m  [1mSELECT `comments`.* FROM `comments` WHERE `comments`.`post_id` = 3[0m
  Rendered collection (0.0ms)
  Rendered comments/_form.html.erb (6.6ms)
  Rendered posts/show.html.erb within layouts/application (91.4ms)
Completed 200 OK in 119ms (Views: 93.6ms | ActiveRecord: 11.9ms)


Started GET "/assets/application.css?body=1" for 127.0.0.1 at 2016-05-20 18:00:18 +0900
Served asset /application.css - 304 Not Modified (0ms)


Started GET "/assets/comments.css?body=1" for 127.0.0.1 at 2016-05-20 18:00:18 +0900
Served asset /comments.css - 304 Not Modified (0ms)


Started GET "/assets/posts.css?body=1" for 127.0.0.1 at 2016-05-20 18:00:18 +0900
Served asset /posts.css - 304 Not Modified (0ms)


Started GET "/assets/jquery.js?body=1" for 127.0.0.1 at 2016-05-20 18:00:18 +0900
Served asset /jquery.js - 304 Not Modified (0ms)


Started GET "/assets/scaffolds.css?body=1" for 127.0.0.1 at 2016-05-20 18:00:18 +0900
Served asset /scaffolds.css - 304 Not Modified (0ms)


Started GET "/assets/jquery_ujs.js?body=1" for 127.0.0.1 at 2016-05-20 18:00:18 +0900
Served asset /jquery_ujs.js - 304 Not Modified (0ms)


Started GET "/assets/comments.js?body=1" for 127.0.0.1 at 2016-05-20 18:00:18 +0900
Served asset /comments.js - 304 Not Modified (0ms)


Started GET "/assets/posts.js?body=1" for 127.0.0.1 at 2016-05-20 18:00:18 +0900
Served asset /posts.js - 304 Not Modified (0ms)


Started GET "/assets/application.js?body=1" for 127.0.0.1 at 2016-05-20 18:00:18 +0900
Served asset /application.js - 304 Not Modified (0ms)


Started GET "/posts/" for 127.0.0.1 at 2016-05-20 18:00:24 +0900
Processing by PostsController#index as HTML
  [1m[35mPost Load (0.2ms)[0m  SELECT `posts`.* FROM `posts` 
  Rendered posts/index.html.erb within layouts/application (1.3ms)
Completed 200 OK in 5ms (Views: 4.4ms | ActiveRecord: 0.2ms)


Started GET "/assets/comments.css?body=1" for 127.0.0.1 at 2016-05-20 18:00:24 +0900
Served asset /comments.css - 304 Not Modified (0ms)


Started GET "/assets/scaffolds.css?body=1" for 127.0.0.1 at 2016-05-20 18:00:24 +0900
Served asset /scaffolds.css - 304 Not Modified (0ms)


Started GET "/assets/jquery.js?body=1" for 127.0.0.1 at 2016-05-20 18:00:24 +0900
Served asset /jquery.js - 304 Not Modified (0ms)


Started GET "/assets/posts.css?body=1" for 127.0.0.1 at 2016-05-20 18:00:24 +0900
Served asset /posts.css - 304 Not Modified (0ms)


Started GET "/assets/application.css?body=1" for 127.0.0.1 at 2016-05-20 18:00:24 +0900
Served asset /application.css - 304 Not Modified (0ms)


Started GET "/assets/jquery_ujs.js?body=1" for 127.0.0.1 at 2016-05-20 18:00:24 +0900
Served asset /jquery_ujs.js - 304 Not Modified (0ms)


Started GET "/assets/comments.js?body=1" for 127.0.0.1 at 2016-05-20 18:00:24 +0900
Served asset /comments.js - 304 Not Modified (0ms)


Started GET "/assets/posts.js?body=1" for 127.0.0.1 at 2016-05-20 18:00:24 +0900
Served asset /posts.js - 304 Not Modified (0ms)


Started GET "/assets/application.js?body=1" for 127.0.0.1 at 2016-05-20 18:00:24 +0900
Served asset /application.js - 304 Not Modified (0ms)
